<?xml version="1.0" encoding="UTF-8"?>
<!-- Generated by org.testng.reporters.JUnitReportReporter -->
<testsuite hostname="Nagur" failures="0" tests="8" name="TestScenarios.DemoClassTest" time="0.025" errors="0" timestamp="2023-07-29T19:27:44 IST" skipped="0">
  <testcase classname="TestScenarios.DemoClassTest" name="test" time="0.003"/>
  <testcase classname="TestScenarios.DemoClassTest" name="test1" time="0.002"/>
  <testcase classname="TestScenarios.DemoClassTest" name="test" time="0.001"/>
  <testcase classname="TestScenarios.DemoClassTest" name="test1" time="0.003"/>
  <testcase classname="TestScenarios.DemoClassTest" name="test" time="0.002"/>
  <testcase classname="TestScenarios.DemoClassTest" name="test1" time="0.002"/>
  <testcase classname="TestScenarios.DemoClassTest" name="test" time="0.011"/>
  <testcase classname="TestScenarios.DemoClassTest" name="test1" time="0.001"/>
</testsuite> <!-- TestScenarios.DemoClassTest -->
