<?xml version="1.0" encoding="UTF-8"?>
<!-- Generated by org.testng.reporters.JUnitReportReporter -->
<testsuite hostname="Nagur" failures="0" tests="3" name="TestScenarios.PracticeTestNG" time="0.000" errors="0" timestamp="2023-07-28T10:16:05 IST" skipped="0">
  <testcase classname="TestScenarios.PracticeTestNG" name="atest1" time="0.000"/>
  <testcase classname="TestScenarios.PracticeTestNG" name="atest2" time="0.000"/>
  <testcase classname="TestScenarios.PracticeTestNG" name="atest3" time="0.000"/>
</testsuite> <!-- TestScenarios.PracticeTestNG -->
