<?xml version="1.0" encoding="UTF-8"?>
<!-- Generated by org.testng.reporters.JUnitReportReporter -->
<testsuite hostname="Nagur" failures="0" tests="4" name="TestScenarios.ReporterDemo" time="0.009" errors="0" timestamp="2023-08-09T14:38:07 IST" skipped="0">
  <testcase classname="TestScenarios.ReporterDemo" name="ReporterTest2" time="0.001">
    <system-out>
      <![CDATA[This is Report purposeReporterTest2
This is Report purposeReporterTest2]]>
    </system-out>
  </testcase> <!-- ReporterTest2 -->
  <testcase classname="TestScenarios.ReporterDemo" name="ReporterTest3" time="0.000">
    <system-out>
      <![CDATA[This is Report purposeReporterTest3
This is Report purposeReporterTest3]]>
    </system-out>
  </testcase> <!-- ReporterTest3 -->
  <testcase classname="TestScenarios.ReporterDemo" name="ReporterTest1" time="0.008">
    <system-out>
      <![CDATA[This is Report purposeReporterTest1
This is Report purpose
This is Report purposeReporterTest1]]>
    </system-out>
  </testcase> <!-- ReporterTest1 -->
  <testcase classname="TestScenarios.ReporterDemo" name="ReporterTest4" time="0.000">
    <system-out>
      <![CDATA[This is Report purposeReporterTest4
This is Report purposeReporterTest4]]>
    </system-out>
  </testcase> <!-- ReporterTest4 -->
  <system-out>
    <![CDATA[This is Report purposeReporterTest1
This is Report purpose
This is Report purposeReporterTest1
This is Report purposeReporterTest2
This is Report purposeReporterTest2
This is Report purposeReporterTest3
This is Report purposeReporterTest3
This is Report purposeReporterTest4
This is Report purposeReporterTest4]]>
  </system-out>
</testsuite> <!-- TestScenarios.ReporterDemo -->
