<?xml version="1.0" encoding="UTF-8"?>
<!-- Generated by org.testng.reporters.JUnitReportReporter -->
<testsuite hostname="Nagur" failures="0" tests="4" name="TestScenarios.LoginWithDataProvider" time="23.141" errors="0" timestamp="2023-08-02T16:56:11 IST" skipped="0">
  <testcase classname="TestScenarios.LoginWithDataProvider" name="test" time="9.341"/>
  <testcase classname="TestScenarios.LoginWithDataProvider" name="test" time="3.152"/>
  <testcase classname="TestScenarios.LoginWithDataProvider" name="test" time="8.165"/>
  <testcase classname="TestScenarios.LoginWithDataProvider" name="test" time="2.483"/>
</testsuite> <!-- TestScenarios.LoginWithDataProvider -->
