<?xml version="1.0" encoding="UTF-8"?>
<!-- Generated by org.testng.reporters.JUnitReportReporter -->
<testsuite hostname="Nagur" failures="0" tests="1" name="TestScenarios.loginTest" time="12.368" errors="0" timestamp="2023-07-28T10:16:05 IST" skipped="0">
  <testcase classname="TestScenarios.loginTest" name="test1" time="12.368"/>
</testsuite> <!-- TestScenarios.loginTest -->
