<?xml version="1.0" encoding="UTF-8"?>
<!-- Generated by org.testng.reporters.JUnitReportReporter -->
<testsuite hostname="Nagur" failures="0" tests="8" name="TestScenarios.Dataprovider" time="0.028" errors="0" timestamp="2023-07-28T19:27:19 IST" skipped="0">
  <testcase classname="TestScenarios.Dataprovider" name="test1" time="0.003"/>
  <testcase classname="TestScenarios.Dataprovider" name="test2" time="0.003"/>
  <testcase classname="TestScenarios.Dataprovider" name="test1" time="0.010"/>
  <testcase classname="TestScenarios.Dataprovider" name="test1" time="0.003"/>
  <testcase classname="TestScenarios.Dataprovider" name="test1" time="0.004"/>
  <testcase classname="TestScenarios.Dataprovider" name="test2" time="0.002"/>
  <testcase classname="TestScenarios.Dataprovider" name="test2" time="0.002"/>
  <testcase classname="TestScenarios.Dataprovider" name="test2" time="0.001"/>
</testsuite> <!-- TestScenarios.Dataprovider -->
