<?xml version="1.0" encoding="UTF-8"?>
<!-- Generated by org.testng.reporters.JUnitReportReporter -->
<testsuite hostname="Nagur" failures="0" tests="1" name="TestScenarios.SecondTest" time="12.186" errors="0" timestamp="2023-07-28T10:16:05 IST" skipped="0">
  <testcase classname="TestScenarios.SecondTest" name="OpeningWebPage" time="12.186"/>
</testsuite> <!-- TestScenarios.SecondTest -->
