<?xml version="1.0" encoding="UTF-8"?>
<!-- Generated by org.testng.reporters.JUnitReportReporter -->
<testsuite hostname="Nagur" failures="0" tests="1" name="TestScenarios.Login" time="8.009" errors="0" timestamp="2023-08-04T14:05:07 IST" skipped="0">
  <testcase classname="TestScenarios.Login" name="test" time="8.009"/>
</testsuite> <!-- TestScenarios.Login -->
